[20:43:20] [ServerMain/INFO]: Environment: Environment[sessionHost=https://sessionserver.mojang.com, servicesHost=https://api.minecraftservices.com, name=PROD]
[20:43:23] [ServerMain/INFO]: Loaded 7 recipes
[20:43:23] [ServerMain/INFO]: Loaded 1271 advancements
[20:43:24] [Server thread/INFO]: Starting minecraft server version 1.20.4
[20:43:24] [Server thread/INFO]: Loading properties
[20:43:24] [Server thread/INFO]: Default game type: SURVIVAL
[20:43:24] [Server thread/INFO]: Generating keypair
[20:43:24] [Server thread/INFO]: Starting Minecraft server on *:25565
[20:43:24] [Server thread/INFO]: Using epoll channel type
[20:43:24] [Server thread/INFO]: Preparing level "world"
[20:43:30] [Server thread/INFO]: Preparing start region for dimension minecraft:overworld
[20:43:35] [Worker-Main-1/INFO]: Preparing spawn area: 0%
[20:43:35] [Worker-Main-1/INFO]: Preparing spawn area: 0%
[20:43:35] [Worker-Main-1/INFO]: Preparing spawn area: 0%
[20:43:35] [Worker-Main-1/INFO]: Preparing spawn area: 0%
[20:43:35] [Worker-Main-1/INFO]: Preparing spawn area: 0%
[20:43:35] [Worker-Main-1/INFO]: Preparing spawn area: 0%
[20:43:35] [Worker-Main-1/INFO]: Preparing spawn area: 0%
[20:43:35] [Worker-Main-1/INFO]: Preparing spawn area: 0%
[20:43:35] [Worker-Main-1/INFO]: Preparing spawn area: 0%
[20:43:35] [Worker-Main-1/INFO]: Preparing spawn area: 0%
[20:43:35] [Worker-Main-1/INFO]: Preparing spawn area: 0%
[20:43:36] [Worker-Main-1/INFO]: Preparing spawn area: 0%
[20:43:36] [Worker-Main-1/INFO]: Preparing spawn area: 0%
[20:43:36] [Server thread/INFO]: Time elapsed: 6351 ms
[20:43:36] [Server thread/INFO]: Done (11.868s)! For help, type "help"
